This file contains any messages produced by compilers while
running configure, to aid debugging if configure makes a mistake.

It was created by cpptesteautoconf configure 1.0, which was
generated by GNU Autoconf 2.69.  Invocation command line was

  $ ./configure --prefix /cpptesteautoconf --enable-debug --host aarch64-linux-gnu

## --------- ##
## Platform. ##
## --------- ##

hostname = felipe-A70-MOB
uname -m = x86_64
uname -r = 5.15.0-43-generic
uname -s = Linux
uname -v = #46~20.04.1-Ubuntu SMP Thu Jul 14 15:20:17 UTC 2022

/usr/bin/uname -p = unknown
/bin/uname -X     = unknown

/bin/arch              = unknown
/usr/bin/arch -k       = unknown
/usr/convex/getsysinfo = unknown
/usr/bin/hostinfo      = unknown
/bin/machine           = unknown
/usr/bin/oslevel       = unknown
/bin/universe          = unknown

PATH: /vscode/vscode-server/bin/linux-x64/92d25e35d9bf1a6b16f7d0758f25d48ace11e5b9/bin/remote-cli
PATH: /usr/local/sbin
PATH: /usr/local/bin
PATH: /usr/sbin
PATH: /usr/bin
PATH: /sbin
PATH: /bin


## ----------- ##
## Core tests. ##
## ----------- ##

configure:1850: checking for a BSD-compatible install
configure:1918: result: /usr/bin/install -c
configure:1929: checking whether build environment is sane
configure:1984: result: yes
configure:2038: checking for aarch64-linux-gnu-strip
configure:2065: result: aarch64-linux-gnu-strip
configure:2130: checking for a thread-safe mkdir -p
configure:2169: result: /bin/mkdir -p
configure:2176: checking for gawk
configure:2206: result: no
configure:2176: checking for mawk
configure:2192: found /usr/bin/mawk
configure:2203: result: mawk
configure:2214: checking whether make sets $(MAKE)
configure:2236: result: yes
configure:2265: checking whether make supports nested variables
configure:2282: result: yes
configure:2417: checking for aarch64-linux-gnu-gcc
configure:2444: result: aarch64-linux-gnu-gcc
configure:2713: checking for C compiler version
configure:2722: aarch64-linux-gnu-gcc --version >&5
aarch64-linux-gnu-gcc (Debian 10.2.1-6) 10.2.1 20210110
Copyright (C) 2020 Free Software Foundation, Inc.
This is free software; see the source for copying conditions.  There is NO
warranty; not even for MERCHANTABILITY or FITNESS FOR A PARTICULAR PURPOSE.

configure:2733: $? = 0
configure:2722: aarch64-linux-gnu-gcc -v >&5
Using built-in specs.
COLLECT_GCC=aarch64-linux-gnu-gcc
COLLECT_LTO_WRAPPER=/usr/lib/gcc-cross/aarch64-linux-gnu/10/lto-wrapper
Target: aarch64-linux-gnu
Configured with: ../src/configure -v --with-pkgversion='Debian 10.2.1-6' --with-bugurl=file:///usr/share/doc/gcc-10/README.Bugs --enable-languages=c,ada,c++,go,d,fortran,objc,obj-c++,m2 --prefix=/usr --with-gcc-major-version-only --program-suffix=-10 --enable-shared --enable-linker-build-id --libexecdir=/usr/lib --without-included-gettext --enable-threads=posix --libdir=/usr/lib --enable-nls --with-sysroot=/ --enable-clocale=gnu --enable-libstdcxx-debug --enable-libstdcxx-time=yes --with-default-libstdcxx-abi=new --enable-gnu-unique-object --disable-libquadmath --disable-libquadmath-support --enable-plugin --enable-default-pie --with-system-zlib --enable-libphobos-checking=release --without-target-system-zlib --enable-multiarch --enable-fix-cortex-a53-843419 --disable-werror --enable-checking=release --build=x86_64-linux-gnu --host=x86_64-linux-gnu --target=aarch64-linux-gnu --program-prefix=aarch64-linux-gnu- --includedir=/usr/aarch64-linux-gnu/include --with-build-config=bootstrap-lto-lean --enable-link-mutex
Thread model: posix
Supported LTO compression algorithms: zlib
gcc version 10.2.1 20210110 (Debian 10.2.1-6) 
configure:2733: $? = 0
configure:2722: aarch64-linux-gnu-gcc -V >&5
aarch64-linux-gnu-gcc: error: unrecognized command-line option '-V'
aarch64-linux-gnu-gcc: fatal error: no input files
compilation terminated.
configure:2733: $? = 1
configure:2722: aarch64-linux-gnu-gcc -qversion >&5
aarch64-linux-gnu-gcc: error: unrecognized command-line option '-qversion'; did you mean '--version'?
aarch64-linux-gnu-gcc: fatal error: no input files
compilation terminated.
configure:2733: $? = 1
configure:2753: checking whether the C compiler works
configure:2775: aarch64-linux-gnu-gcc    conftest.c  >&5
configure:2779: $? = 0
configure:2827: result: yes
configure:2830: checking for C compiler default output file name
configure:2832: result: a.out
configure:2838: checking for suffix of executables
configure:2845: aarch64-linux-gnu-gcc -o conftest    conftest.c  >&5
configure:2849: $? = 0
configure:2871: result: 
configure:2893: checking whether we are cross compiling
configure:2901: aarch64-linux-gnu-gcc -o conftest    conftest.c  >&5
configure:2905: $? = 0
configure:2912: ./conftest
/lib/ld-linux-aarch64.so.1: No such file or directory
configure:2916: $? = 255
configure:2931: result: yes
configure:2936: checking for suffix of object files
configure:2958: aarch64-linux-gnu-gcc -c   conftest.c >&5
configure:2962: $? = 0
configure:2983: result: o
configure:2987: checking whether we are using the GNU C compiler
configure:3006: aarch64-linux-gnu-gcc -c   conftest.c >&5
configure:3006: $? = 0
configure:3015: result: yes
configure:3024: checking whether aarch64-linux-gnu-gcc accepts -g
configure:3044: aarch64-linux-gnu-gcc -c -g  conftest.c >&5
configure:3044: $? = 0
configure:3085: result: yes
configure:3102: checking for aarch64-linux-gnu-gcc option to accept ISO C89
configure:3165: aarch64-linux-gnu-gcc  -c -g -O2  conftest.c >&5
configure:3165: $? = 0
configure:3178: result: none needed
configure:3203: checking whether aarch64-linux-gnu-gcc understands -c and -o together
configure:3225: aarch64-linux-gnu-gcc -c conftest.c -o conftest2.o
configure:3228: $? = 0
configure:3225: aarch64-linux-gnu-gcc -c conftest.c -o conftest2.o
configure:3228: $? = 0
configure:3240: result: yes
configure:3260: checking whether make supports the include directive
configure:3275: make -f confmf.GNU && cat confinc.out
this is the am__doit target
configure:3278: $? = 0
configure:3297: result: yes (GNU style)
configure:3322: checking dependency style of aarch64-linux-gnu-gcc
configure:3433: result: gcc3
configure:3588: checking that generated files are newer than configure
configure:3594: result: done
configure:3617: creating ./config.status

## ---------------------- ##
## Running config.status. ##
## ---------------------- ##

This file was extended by cpptesteautoconf config.status 1.0, which was
generated by GNU Autoconf 2.69.  Invocation command line was

  CONFIG_FILES    = 
  CONFIG_HEADERS  = 
  CONFIG_LINKS    = 
  CONFIG_COMMANDS = 
  $ ./config.status 

on felipe-A70-MOB

config.status:775: creating Makefile
config.status:947: executing depfiles commands
config.status:1024: cd .       && sed -e '/# am--include-marker/d' Makefile         | make -f - am--depfiles
config.status:1029: $? = 0

## ---------------- ##
## Cache variables. ##
## ---------------- ##

ac_cv_c_compiler_gnu=yes
ac_cv_env_CC_set=set
ac_cv_env_CC_value=aarch64-linux-gnu-gcc
ac_cv_env_CFLAGS_set=
ac_cv_env_CFLAGS_value=
ac_cv_env_CPPFLAGS_set=
ac_cv_env_CPPFLAGS_value=
ac_cv_env_LDFLAGS_set=
ac_cv_env_LDFLAGS_value=
ac_cv_env_LIBS_set=
ac_cv_env_LIBS_value=
ac_cv_env_build_alias_set=
ac_cv_env_build_alias_value=
ac_cv_env_host_alias_set=set
ac_cv_env_host_alias_value=aarch64-linux-gnu
ac_cv_env_target_alias_set=
ac_cv_env_target_alias_value=
ac_cv_objext=o
ac_cv_path_install='/usr/bin/install -c'
ac_cv_path_mkdir=/bin/mkdir
ac_cv_prog_AWK=mawk
ac_cv_prog_CC=aarch64-linux-gnu-gcc
ac_cv_prog_STRIP=aarch64-linux-gnu-strip
ac_cv_prog_cc_c89=
ac_cv_prog_cc_g=yes
ac_cv_prog_make_make_set=yes
am_cv_CC_dependencies_compiler_type=gcc3
am_cv_make_support_nested_variables=yes
am_cv_prog_cc_c_o=yes

## ----------------- ##
## Output variables. ##
## ----------------- ##

ACLOCAL='${SHELL} '\''/workspaces/cpptesteautoconf/build/missing'\'' aclocal-1.16'
AMDEPBACKSLASH='\'
AMDEP_FALSE='#'
AMDEP_TRUE=''
AMTAR='$${TAR-tar}'
AM_BACKSLASH='\'
AM_DEFAULT_V='$(AM_DEFAULT_VERBOSITY)'
AM_DEFAULT_VERBOSITY='1'
AM_V='$(V)'
AUTOCONF='${SHELL} '\''/workspaces/cpptesteautoconf/build/missing'\'' autoconf'
AUTOHEADER='${SHELL} '\''/workspaces/cpptesteautoconf/build/missing'\'' autoheader'
AUTOMAKE='${SHELL} '\''/workspaces/cpptesteautoconf/build/missing'\'' automake-1.16'
AWK='mawk'
CC='aarch64-linux-gnu-gcc'
CCDEPMODE='depmode=gcc3'
CFLAGS='-g -O2'
CPPFLAGS=''
CYGPATH_W='echo'
DEBUG_FALSE='#'
DEBUG_TRUE=''
DEFS='-DPACKAGE_NAME=\"cpptesteautoconf\" -DPACKAGE_TARNAME=\"cpptesteautoconf\" -DPACKAGE_VERSION=\"1.0\" -DPACKAGE_STRING=\"cpptesteautoconf\ 1.0\" -DPACKAGE_BUGREPORT=\"\" -DPACKAGE_URL=\"\" -DPACKAGE=\"cpptesteautoconf\" -DVERSION=\"1.0\"'
DEPDIR='.deps'
ECHO_C=''
ECHO_N='-n'
ECHO_T=''
EXEEXT=''
INSTALL_DATA='${INSTALL} -m 644'
INSTALL_PROGRAM='${INSTALL}'
INSTALL_SCRIPT='${INSTALL}'
INSTALL_STRIP_PROGRAM='$(install_sh) -c -s'
LDFLAGS=''
LIBOBJS=''
LIBS=''
LTLIBOBJS=''
MAKEINFO='${SHELL} '\''/workspaces/cpptesteautoconf/build/missing'\'' makeinfo'
MKDIR_P='/bin/mkdir -p'
OBJEXT='o'
PACKAGE='cpptesteautoconf'
PACKAGE_BUGREPORT=''
PACKAGE_NAME='cpptesteautoconf'
PACKAGE_STRING='cpptesteautoconf 1.0'
PACKAGE_TARNAME='cpptesteautoconf'
PACKAGE_URL=''
PACKAGE_VERSION='1.0'
PATH_SEPARATOR=':'
SET_MAKE=''
SHELL='/bin/bash'
STRIP='aarch64-linux-gnu-strip'
VERSION='1.0'
ac_ct_CC=''
am__EXEEXT_FALSE=''
am__EXEEXT_TRUE='#'
am__fastdepCC_FALSE='#'
am__fastdepCC_TRUE=''
am__include='include'
am__isrc=''
am__leading_dot='.'
am__nodep='_no'
am__quote=''
am__tar='$${TAR-tar} chof - "$$tardir"'
am__untar='$${TAR-tar} xf -'
bindir='${exec_prefix}/bin'
build_alias=''
datadir='${datarootdir}'
datarootdir='${prefix}/share'
docdir='${datarootdir}/doc/${PACKAGE_TARNAME}'
dvidir='${docdir}'
exec_prefix='${prefix}'
host_alias='aarch64-linux-gnu'
htmldir='${docdir}'
includedir='${prefix}/include'
infodir='${datarootdir}/info'
install_sh='${SHELL} /workspaces/cpptesteautoconf/build/install-sh'
libdir='${exec_prefix}/lib'
libexecdir='${exec_prefix}/libexec'
localedir='${datarootdir}/locale'
localstatedir='${prefix}/var'
mandir='${datarootdir}/man'
mkdir_p='$(MKDIR_P)'
oldincludedir='/usr/include'
pdfdir='${docdir}'
prefix='/cpptesteautoconf'
program_transform_name='s,x,x,'
psdir='${docdir}'
runstatedir='${localstatedir}/run'
sbindir='${exec_prefix}/sbin'
sharedstatedir='${prefix}/com'
sysconfdir='${prefix}/etc'
target_alias=''

## ----------- ##
## confdefs.h. ##
## ----------- ##

/* confdefs.h */
#define PACKAGE_NAME "cpptesteautoconf"
#define PACKAGE_TARNAME "cpptesteautoconf"
#define PACKAGE_VERSION "1.0"
#define PACKAGE_STRING "cpptesteautoconf 1.0"
#define PACKAGE_BUGREPORT ""
#define PACKAGE_URL ""
#define PACKAGE "cpptesteautoconf"
#define VERSION "1.0"

configure: exit 0
